<?xml version="1.0" encoding="UTF-8"?>
<!-- Generated by org.testng.reporters.JUnitXMLReporter -->
<testsuite ignored="2" hostname="DESKTOP-AMH8G6L" failures="0" tests="10" name="Default test" time="6.188" errors="0" timestamp="29 Oct 2019 03:46:32 GMT">
  <testcase classname="com.phptravels.PhpTravelsTest" name="@BeforeMethod initPageObjects" time="2.353">
    <failure type="org.openqa.selenium.WebDriverException" message="Reached error page: about:neterror?e=connectionFailure&amp;amp;u=http%3A//localhost/&amp;amp;c=UTF-8&amp;amp;f=regular&amp;amp;d=Firefox%20can%E2%80%99t%20establish%20a%20connection%20to%20the%20server%20at%20localhost.
Build info: version: &amp;apos;3.10.0&amp;apos;, revision: &amp;apos;176b4a9&amp;apos;, time: &amp;apos;2018-03-02T19:03:16.397Z&amp;apos;
System info: host: &amp;apos;DESKTOP-AMH8G6L&amp;apos;, ip: &amp;apos;10.0.0.34&amp;apos;, os.name: &amp;apos;Windows 10&amp;apos;, os.arch: &amp;apos;amd64&amp;apos;, os.version: &amp;apos;10.0&amp;apos;, java.version: &amp;apos;11.0.2&amp;apos;
Driver info: org.openqa.selenium.firefox.FirefoxDriver
Capabilities {acceptInsecureCerts: true, browserName: firefox, browserVersion: 69.0.3, javascriptEnabled: true, moz:accessibilityChecks: false, moz:buildID: 20191009172106, moz:geckodriverVersion: 0.24.0, moz:headless: false, moz:processID: 51540, moz:profile: C:\Users\anilg\AppData\Loca..., moz:shutdownTimeout: 60000, moz:useNonSpecCompliantPointerOrigin: false, moz:webdriverClick: true, pageLoadStrategy: normal, platform: WINDOWS, platformName: WINDOWS, platformVersion: 10.0, rotatable: false, setWindowRect: true, strictFileInteractability: false, timeouts: {implicit: 0, pageLoad: 300000, script: 30000}, unhandledPromptBehavior: dismiss and notify}
Session ID: 00af5042-b360-4691-877d-caf766717f14">
      <![CDATA[org.openqa.selenium.WebDriverException: Reached error page: about:neterror?e=connectionFailure&u=http%3A//localhost/&c=UTF-8&f=regular&d=Firefox%20can%E2%80%99t%20establish%20a%20connection%20to%20the%20server%20at%20localhost.
Build info: version: '3.10.0', revision: '176b4a9', time: '2018-03-02T19:03:16.397Z'
System info: host: 'DESKTOP-AMH8G6L', ip: '10.0.0.34', os.name: 'Windows 10', os.arch: 'amd64', os.version: '10.0', java.version: '11.0.2'
Driver info: org.openqa.selenium.firefox.FirefoxDriver
Capabilities {acceptInsecureCerts: true, browserName: firefox, browserVersion: 69.0.3, javascriptEnabled: true, moz:accessibilityChecks: false, moz:buildID: 20191009172106, moz:geckodriverVersion: 0.24.0, moz:headless: false, moz:processID: 51540, moz:profile: C:\Users\anilg\AppData\Loca..., moz:shutdownTimeout: 60000, moz:useNonSpecCompliantPointerOrigin: false, moz:webdriverClick: true, pageLoadStrategy: normal, platform: WINDOWS, platformName: WINDOWS, platformVersion: 10.0, rotatable: false, setWindowRect: true, strictFileInteractability: false, timeouts: {implicit: 0, pageLoad: 300000, script: 30000}, unhandledPromptBehavior: dismiss and notify}
Session ID: 00af5042-b360-4691-877d-caf766717f14
at java.base/jdk.internal.reflect.NativeConstructorAccessorImpl.newInstance0(Native Method)
at java.base/jdk.internal.reflect.NativeConstructorAccessorImpl.newInstance(NativeConstructorAccessorImpl.java:62)
at java.base/jdk.internal.reflect.DelegatingConstructorAccessorImpl.newInstance(DelegatingConstructorAccessorImpl.java:45)
at java.base/java.lang.reflect.Constructor.newInstance(Constructor.java:490)
at org.openqa.selenium.remote.http.W3CHttpResponseCodec.createException(W3CHttpResponseCodec.java:187)
at org.openqa.selenium.remote.http.W3CHttpResponseCodec.decode(W3CHttpResponseCodec.java:122)
at org.openqa.selenium.remote.http.W3CHttpResponseCodec.decode(W3CHttpResponseCodec.java:49)
at org.openqa.selenium.remote.HttpCommandExecutor.execute(HttpCommandExecutor.java:160)
at org.openqa.selenium.remote.service.DriverCommandExecutor.execute(DriverCommandExecutor.java:83)
at org.openqa.selenium.remote.RemoteWebDriver.execute(RemoteWebDriver.java:601)
at org.openqa.selenium.remote.RemoteWebDriver.get(RemoteWebDriver.java:325)
at com.phptravels.PhpTravelsTest.initPageObjects(PhpTravelsTest.java:71)
at java.base/jdk.internal.reflect.NativeMethodAccessorImpl.invoke0(Native Method)
at java.base/jdk.internal.reflect.NativeMethodAccessorImpl.invoke(NativeMethodAccessorImpl.java:62)
at java.base/jdk.internal.reflect.DelegatingMethodAccessorImpl.invoke(DelegatingMethodAccessorImpl.java:43)
at java.base/java.lang.reflect.Method.invoke(Method.java:566)
at org.testng.internal.MethodInvocationHelper.invokeMethod(MethodInvocationHelper.java:124)
at org.testng.internal.MethodInvocationHelper.invokeMethodConsideringTimeout(MethodInvocationHelper.java:59)
at org.testng.internal.Invoker.invokeConfigurationMethod(Invoker.java:455)
at org.testng.internal.Invoker.invokeConfigurations(Invoker.java:222)
at org.testng.internal.Invoker.invokeMethod(Invoker.java:520)
at org.testng.internal.Invoker.invokeTestMethod(Invoker.java:716)
at org.testng.internal.Invoker.invokeTestMethods(Invoker.java:988)
at org.testng.internal.TestMethodWorker.invokeTestMethods(TestMethodWorker.java:125)
at org.testng.internal.TestMethodWorker.run(TestMethodWorker.java:109)
at org.testng.TestRunner.privateRun(TestRunner.java:648)
at org.testng.TestRunner.run(TestRunner.java:505)
at org.testng.SuiteRunner.runTest(SuiteRunner.java:455)
at org.testng.SuiteRunner.runSequentially(SuiteRunner.java:450)
at org.testng.SuiteRunner.privateRun(SuiteRunner.java:415)
at org.testng.SuiteRunner.run(SuiteRunner.java:364)
at org.testng.SuiteRunnerWorker.runSuite(SuiteRunnerWorker.java:52)
at org.testng.SuiteRunnerWorker.run(SuiteRunnerWorker.java:84)
at org.testng.TestNG.runSuitesSequentially(TestNG.java:1208)
at org.testng.TestNG.runSuitesLocally(TestNG.java:1137)
at org.testng.TestNG.runSuites(TestNG.java:1049)
at org.testng.TestNG.run(TestNG.java:1017)
at org.testng.remote.AbstractRemoteTestNG.run(AbstractRemoteTestNG.java:115)
at org.testng.remote.RemoteTestNG.initAndRun(RemoteTestNG.java:251)
at org.testng.remote.RemoteTestNG.main(RemoteTestNG.java:77)
]]>
    </failure>
  </testcase> <!-- @BeforeMethod initPageObjects -->
  <testcase classname="com.phptravels.TestNgTestBase" name="@AfterMethod quitDriver" time="0.0">
    <skipped/>
  </testcase> <!-- @AfterMethod quitDriver -->
  <testcase classname="com.phptravels.TestNgTestBase" name="@BeforeMethod initWebDriver" time="0.0">
    <skipped/>
  </testcase> <!-- @BeforeMethod initWebDriver -->
  <testcase classname="com.phptravels.PhpTravelsTest" name="@BeforeMethod initPageObjects" time="0.0">
    <skipped/>
  </testcase> <!-- @BeforeMethod initPageObjects -->
  <testcase classname="com.phptravels.TestNgTestBase" name="@AfterMethod quitDriver" time="0.0">
    <skipped/>
  </testcase> <!-- @AfterMethod quitDriver -->
  <testcase classname="com.phptravels.TestNgTestBase" name="@BeforeMethod initWebDriver" time="0.0">
    <skipped/>
  </testcase> <!-- @BeforeMethod initWebDriver -->
  <testcase classname="com.phptravels.PhpTravelsTest" name="@BeforeMethod initPageObjects" time="0.0">
    <skipped/>
  </testcase> <!-- @BeforeMethod initPageObjects -->
  <testcase classname="com.phptravels.TestNgTestBase" name="@AfterMethod quitDriver" time="0.0">
    <skipped/>
  </testcase> <!-- @AfterMethod quitDriver -->
  <testcase classname="com.phptravels.TestNgTestBase" name="@BeforeMethod initWebDriver" time="0.0">
    <skipped/>
  </testcase> <!-- @BeforeMethod initWebDriver -->
  <testcase classname="com.phptravels.PhpTravelsTest" name="@BeforeMethod initPageObjects" time="0.0">
    <skipped/>
  </testcase> <!-- @BeforeMethod initPageObjects -->
  <testcase classname="com.phptravels.TestNgTestBase" name="@AfterMethod quitDriver" time="0.0">
    <skipped/>
  </testcase> <!-- @AfterMethod quitDriver -->
  <testcase classname="com.phptravels.TestNgTestBase" name="@BeforeMethod initWebDriver" time="0.0">
    <skipped/>
  </testcase> <!-- @BeforeMethod initWebDriver -->
  <testcase classname="com.phptravels.PhpTravelsTest" name="@BeforeMethod initPageObjects" time="0.0">
    <skipped/>
  </testcase> <!-- @BeforeMethod initPageObjects -->
  <testcase classname="com.phptravels.TestNgTestBase" name="@AfterMethod quitDriver" time="0.0">
    <skipped/>
  </testcase> <!-- @AfterMethod quitDriver -->
  <testcase classname="com.phptravels.TestNgTestBase" name="@BeforeMethod initWebDriver" time="0.0">
    <skipped/>
  </testcase> <!-- @BeforeMethod initWebDriver -->
  <testcase classname="com.phptravels.PhpTravelsTest" name="@BeforeMethod initPageObjects" time="0.0">
    <skipped/>
  </testcase> <!-- @BeforeMethod initPageObjects -->
  <testcase classname="com.phptravels.TestNgTestBase" name="@AfterMethod quitDriver" time="0.0">
    <skipped/>
  </testcase> <!-- @AfterMethod quitDriver -->
  <testcase classname="com.phptravels.TestNgTestBase" name="@BeforeMethod initWebDriver" time="0.0">
    <skipped/>
  </testcase> <!-- @BeforeMethod initWebDriver -->
  <testcase classname="com.phptravels.PhpTravelsTest" name="@BeforeMethod initPageObjects" time="0.0">
    <skipped/>
  </testcase> <!-- @BeforeMethod initPageObjects -->
  <testcase classname="com.phptravels.TestNgTestBase" name="@AfterMethod quitDriver" time="0.0">
    <skipped/>
  </testcase> <!-- @AfterMethod quitDriver -->
  <testcase classname="com.phptravels.TestNgTestBase" name="@BeforeMethod initWebDriver" time="0.0">
    <skipped/>
  </testcase> <!-- @BeforeMethod initWebDriver -->
  <testcase classname="com.phptravels.PhpTravelsTest" name="@BeforeMethod initPageObjects" time="0.0">
    <skipped/>
  </testcase> <!-- @BeforeMethod initPageObjects -->
  <testcase classname="com.phptravels.TestNgTestBase" name="@AfterMethod quitDriver" time="0.0">
    <skipped/>
  </testcase> <!-- @AfterMethod quitDriver -->
  <testcase classname="com.phptravels.TestNgTestBase" name="@BeforeMethod initWebDriver" time="0.0">
    <skipped/>
  </testcase> <!-- @BeforeMethod initWebDriver -->
  <testcase classname="com.phptravels.PhpTravelsTest" name="@BeforeMethod initPageObjects" time="0.0">
    <skipped/>
  </testcase> <!-- @BeforeMethod initPageObjects -->
  <testcase classname="com.phptravels.TestNgTestBase" name="@AfterMethod quitDriver" time="0.0">
    <skipped/>
  </testcase> <!-- @AfterMethod quitDriver -->
  <testcase classname="com.phptravels.TestNgTestBase" name="@BeforeMethod initWebDriver" time="0.0">
    <skipped/>
  </testcase> <!-- @BeforeMethod initWebDriver -->
  <testcase classname="com.phptravels.PhpTravelsTest" name="@BeforeMethod initPageObjects" time="0.0">
    <skipped/>
  </testcase> <!-- @BeforeMethod initPageObjects -->
  <testcase classname="com.phptravels.TestNgTestBase" name="@AfterMethod quitDriver" time="0.0">
    <skipped/>
  </testcase> <!-- @AfterMethod quitDriver -->
  <testcase classname="com.phptravels.TestNgTestBase" name="@AfterClass createAndStopService" time="0.0">
    <skipped/>
  </testcase> <!-- @AfterClass createAndStopService -->
  <testcase classname="com.phptravels.PhpTravelsTest" name="testCarsLink" time="0.0">
    <skipped/>
  </testcase> <!-- testCarsLink -->
  <testcase classname="com.phptravels.PhpTravelsTest" name="testHomePageFrontEnd" time="0.0">
    <skipped/>
  </testcase> <!-- testHomePageFrontEnd -->
  <testcase classname="com.phptravels.PhpTravelsTest" name="testHotelsLink" time="0.0">
    <skipped/>
  </testcase> <!-- testHotelsLink -->
  <testcase classname="com.phptravels.PhpTravelsTest" name="testHotelsLink" time="0.0">
    <skipped/>
  </testcase> <!-- testHotelsLink -->
  <testcase classname="com.phptravels.PhpTravelsTest" name="testLoginNoCaptcha" time="0.0">
    <skipped/>
  </testcase> <!-- testLoginNoCaptcha -->
  <testcase classname="com.phptravels.PhpTravelsTest" name="testLoginValidUsernameValidPassword" time="0.0">
    <skipped/>
  </testcase> <!-- testLoginValidUsernameValidPassword -->
  <testcase classname="com.phptravels.PhpTravelsTest" name="testSelectHotelFromMenu" time="0.0">
    <skipped/>
  </testcase> <!-- testSelectHotelFromMenu -->
  <testcase classname="com.phptravels.PhpTravelsTest" name="testSelectingFlights" time="0.0">
    <skipped/>
  </testcase> <!-- testSelectingFlights -->
  <testcase classname="com.phptravels.PhpTravelsTest" name="testSelectingTours" time="0.0">
    <skipped/>
  </testcase> <!-- testSelectingTours -->
  <testcase classname="com.phptravels.PhpTravelsTest" name="verifyHomePage" time="0.0">
    <skipped/>
  </testcase> <!-- verifyHomePage -->
  <testcase classname="com.phptravels.TestNgTestBase" name="@BeforeSuite initTestSuite" time="0.0">
    <ignored/>
  </testcase> <!-- @BeforeSuite initTestSuite -->
  <testcase classname="com.phptravels.TestNgTestBase" name="@AfterSuite tearDown" time="0.0">
    <ignored/>
  </testcase> <!-- @AfterSuite tearDown -->
</testsuite> <!-- Default test -->
